{"/Users/jonathanbrierre/Development/Learning/sandbox/structuring/example.js": {"path":"/Users/jonathanbrierre/Development/Learning/sandbox/structuring/example.js","statementMap":{"0":{"start":{"line":1,"column":0},"end":{"line":3,"column":1}},"1":{"start":{"line":2,"column":19},"end":{"line":2,"column":34}}},"fnMap":{"0":{"name":"(anonymous_0)","decl":{"start":{"line":2,"column":11},"end":{"line":2,"column":12}},"loc":{"start":{"line":2,"column":19},"end":{"line":2,"column":34}},"line":2}},"branchMap":{},"s":{"0":1,"1":1},"f":{"0":1},"b":{},"_coverageSchema":"1a1c01bbd47fc00a2c39e90264f33305004495a9","hash":"69f29f507e414506560ba787cf3557e9012d67fe"}
}
